0 info it worked if it ends with ok
1 verbose cli [ 'node',
1 verbose cli   '/usr/local/bin/npm',
1 verbose cli   'install',
1 verbose cli   '-g',
1 verbose cli   'yo',
1 verbose cli   'generator-wordpress' ]
2 info using npm@2.9.1
3 info using node@v0.12.3
4 verbose install initial load of /usr/local/lib/package.json
5 verbose readDependencies loading dependencies from /usr/local/lib/package.json
6 silly cache add args [ 'yo', null ]
7 verbose cache add spec yo
8 silly cache add args [ 'generator-wordpress', null ]
9 verbose cache add spec generator-wordpress
10 silly cache add parsed spec { raw: 'generator-wordpress',
10 silly cache add   scope: null,
10 silly cache add   name: 'generator-wordpress',
10 silly cache add   rawSpec: '',
10 silly cache add   spec: '*',
10 silly cache add   type: 'range' }
11 silly addNamed generator-wordpress@*
12 verbose addNamed "*" is a valid semver range for generator-wordpress
13 silly addNameRange { name: 'generator-wordpress', range: '*', hasData: false }
14 silly mapToRegistry name generator-wordpress
15 silly mapToRegistry using default registry
16 silly mapToRegistry registry https://registry.npmjs.org/
17 silly mapToRegistry uri https://registry.npmjs.org/generator-wordpress
18 verbose addNameRange registry:https://registry.npmjs.org/generator-wordpress not in flight; fetching
19 silly cache add parsed spec { raw: 'yo',
19 silly cache add   scope: null,
19 silly cache add   name: 'yo',
19 silly cache add   rawSpec: '',
19 silly cache add   spec: '*',
19 silly cache add   type: 'range' }
20 silly addNamed yo@*
21 verbose addNamed "*" is a valid semver range for yo
22 silly addNameRange { name: 'yo', range: '*', hasData: false }
23 silly mapToRegistry name yo
24 silly mapToRegistry using default registry
25 silly mapToRegistry registry https://registry.npmjs.org/
26 silly mapToRegistry uri https://registry.npmjs.org/yo
27 verbose addNameRange registry:https://registry.npmjs.org/yo not in flight; fetching
28 verbose request uri https://registry.npmjs.org/generator-wordpress
29 verbose request no auth needed
30 info attempt registry request try #1 at 11:53:19 AM
31 verbose request id 1e51f69716f4bb45
32 verbose etag "3379JGDF16ILRNDXHW7RVQBT5"
33 http request GET https://registry.npmjs.org/generator-wordpress
34 verbose request uri https://registry.npmjs.org/yo
35 verbose request no auth needed
36 info attempt registry request try #1 at 11:53:19 AM
37 verbose etag "EL2WM14900EJ8CR3W5I0ATXFJ"
38 http request GET https://registry.npmjs.org/yo
39 http 304 https://registry.npmjs.org/generator-wordpress
40 silly get cb [ 304,
40 silly get   { date: 'Wed, 15 Jul 2015 01:53:38 GMT',
40 silly get     via: '1.1 varnish',
40 silly get     'cache-control': 'max-age=60',
40 silly get     etag: '"3379JGDF16ILRNDXHW7RVQBT5"',
40 silly get     age: '0',
40 silly get     connection: 'keep-alive',
40 silly get     'x-served-by': 'cache-syd1620-SYD',
40 silly get     'x-cache': 'MISS',
40 silly get     'x-cache-hits': '0',
40 silly get     'x-timer': 'S1436925218.598920,VS0,VE579',
40 silly get     vary: 'Accept' } ]
41 verbose etag https://registry.npmjs.org/generator-wordpress from cache
42 verbose get saving generator-wordpress to /Users/surge/.npm/registry.npmjs.org/generator-wordpress/.cache.json
43 silly addNameRange number 2 { name: 'generator-wordpress', range: '*', hasData: true }
44 silly addNameRange versions [ 'generator-wordpress',
44 silly addNameRange   [ '0.1.0',
44 silly addNameRange     '0.1.1',
44 silly addNameRange     '0.1.2',
44 silly addNameRange     '0.2.0',
44 silly addNameRange     '0.2.1',
44 silly addNameRange     '0.2.2',
44 silly addNameRange     '0.2.3',
44 silly addNameRange     '0.2.4',
44 silly addNameRange     '0.2.5',
44 silly addNameRange     '0.2.6',
44 silly addNameRange     '0.2.7',
44 silly addNameRange     '1.0.0',
44 silly addNameRange     '1.0.1',
44 silly addNameRange     '1.0.2',
44 silly addNameRange     '1.0.3',
44 silly addNameRange     '1.0.4',
44 silly addNameRange     '1.0.5',
44 silly addNameRange     '1.0.6',
44 silly addNameRange     '1.1.0',
44 silly addNameRange     '1.1.1',
44 silly addNameRange     '1.1.2',
44 silly addNameRange     '1.1.3',
44 silly addNameRange     '1.2.0',
44 silly addNameRange     '1.2.1',
44 silly addNameRange     '1.2.2',
44 silly addNameRange     '1.3.0',
44 silly addNameRange     '1.3.1',
44 silly addNameRange     '1.3.2',
44 silly addNameRange     '1.3.3',
44 silly addNameRange     '1.3.4',
44 silly addNameRange     '1.3.5',
44 silly addNameRange     '1.4.0',
44 silly addNameRange     '1.4.1',
44 silly addNameRange     '1.4.2',
44 silly addNameRange     '1.4.3',
44 silly addNameRange     '1.4.4',
44 silly addNameRange     '1.5.0',
44 silly addNameRange     '2.0.0',
44 silly addNameRange     '2.0.1' ] ]
45 silly addNamed generator-wordpress@2.0.1
46 verbose addNamed "2.0.1" is a plain semver version for generator-wordpress
47 silly cache afterAdd generator-wordpress@2.0.1
48 verbose afterAdd /Users/surge/.npm/generator-wordpress/2.0.1/package/package.json not in flight; writing
49 verbose afterAdd /Users/surge/.npm/generator-wordpress/2.0.1/package/package.json written
50 http 304 https://registry.npmjs.org/yo
51 silly get cb [ 304,
51 silly get   { date: 'Wed, 15 Jul 2015 01:54:02 GMT',
51 silly get     via: '1.1 varnish',
51 silly get     'cache-control': 'max-age=60',
51 silly get     etag: '"EL2WM14900EJ8CR3W5I0ATXFJ"',
51 silly get     age: '0',
51 silly get     connection: 'keep-alive',
51 silly get     'x-served-by': 'cache-syd1624-SYD',
51 silly get     'x-cache': 'HIT',
51 silly get     'x-cache-hits': '1',
51 silly get     'x-timer': 'S1436925242.592534,VS0,VE794',
51 silly get     vary: 'Accept' } ]
52 verbose etag https://registry.npmjs.org/yo from cache
53 verbose get saving yo to /Users/surge/.npm/registry.npmjs.org/yo/.cache.json
54 silly addNameRange number 2 { name: 'yo', range: '*', hasData: true }
55 silly addNameRange versions [ 'yo',
55 silly addNameRange   [ '1.1.0',
55 silly addNameRange     '1.1.1',
55 silly addNameRange     '1.1.2',
55 silly addNameRange     '1.2.0',
55 silly addNameRange     '1.2.1',
55 silly addNameRange     '1.3.0',
55 silly addNameRange     '1.3.2',
55 silly addNameRange     '1.3.3',
55 silly addNameRange     '1.4.1',
55 silly addNameRange     '1.4.2',
55 silly addNameRange     '1.4.4',
55 silly addNameRange     '1.4.5',
55 silly addNameRange     '1.4.6',
55 silly addNameRange     '1.4.7' ] ]
56 silly addNamed yo@1.4.7
57 verbose addNamed "1.4.7" is a plain semver version for yo
58 silly cache afterAdd yo@1.4.7
59 verbose afterAdd /Users/surge/.npm/yo/1.4.7/package/package.json not in flight; writing
60 verbose afterAdd /Users/surge/.npm/yo/1.4.7/package/package.json written
61 silly install resolved [ { name: 'generator-wordpress',
61 silly install resolved     version: '2.0.1',
61 silly install resolved     description: 'A Yeoman generator for WordPress',
61 silly install resolved     keywords: [ 'yeoman-generator', 'wordpress', 'yeoman', 'generator', 'cli' ],
61 silly install resolved     main: 'app/index.js',
61 silly install resolved     author: { name: 'Wes Todd' },
61 silly install resolved     license: 'BSD',
61 silly install resolved     dependencies:
61 silly install resolved      { chalk: '^0.2.1',
61 silly install resolved        mkdirp: '^0.3.5',
61 silly install resolved        mysql: '^2.0.1',
61 silly install resolved        'simple-git': '^0.14.0',
61 silly install resolved        wrench: '^1.4.4',
61 silly install resolved        'yeoman-generator': '^0.19.2',
61 silly install resolved        'wp-util': '^0.1.6' },
61 silly install resolved     repository: { type: 'git', url: 'git://github.com/wesleytodd/YeoPress.git' },
61 silly install resolved     devDependencies:
61 silly install resolved      { grunt: '~0.4.1',
61 silly install resolved        mocha: '~1.13.0',
61 silly install resolved        istanbul: '~0.1.44',
61 silly install resolved        'grunt-contrib-clean': '~0.5.0',
61 silly install resolved        'grunt-contrib-connect': '~0.5.0',
61 silly install resolved        'grunt-simple-mocha': '~0.4.0' },
61 silly install resolved     scripts: { test: 'node_modules/istanbul/lib/cli.js test node_modules/mocha/bin/_mocha --dir test/coverage' },
61 silly install resolved     gitHead: 'f01fbf7b55eaf0da82bb2072ea975f698b475f52',
61 silly install resolved     bugs: { url: 'https://github.com/wesleytodd/YeoPress/issues' },
61 silly install resolved     homepage: 'https://github.com/wesleytodd/YeoPress',
61 silly install resolved     _id: 'generator-wordpress@2.0.1',
61 silly install resolved     _shasum: '1c22753844b22ffbc1983b730dc344971af0350f',
61 silly install resolved     _from: 'generator-wordpress@*',
61 silly install resolved     _npmVersion: '2.1.4',
61 silly install resolved     _nodeVersion: '0.10.29',
61 silly install resolved     _npmUser: { name: 'wesleytodd', email: 'wes@wesleytodd.com' },
61 silly install resolved     maintainers: [ [Object] ],
61 silly install resolved     dist:
61 silly install resolved      { shasum: '1c22753844b22ffbc1983b730dc344971af0350f',
61 silly install resolved        tarball: 'http://registry.npmjs.org/generator-wordpress/-/generator-wordpress-2.0.1.tgz' },
61 silly install resolved     directories: {},
61 silly install resolved     _resolved: 'https://registry.npmjs.org/generator-wordpress/-/generator-wordpress-2.0.1.tgz',
61 silly install resolved     readme: 'ERROR: No README data found!' },
61 silly install resolved   { name: 'yo',
61 silly install resolved     version: '1.4.7',
61 silly install resolved     description: 'CLI tool for running Yeoman generators',
61 silly install resolved     license: 'BSD-2-Clause',
61 silly install resolved     bin: { yo: 'lib/cli.js' },
61 silly install resolved     author: { name: 'Yeoman' },
61 silly install resolved     repository: { type: 'git', url: 'git+https://github.com/yeoman/yo.git' },
61 silly install resolved     engines: { node: '>=0.10.0', npm: '>=2.8.0' },
61 silly install resolved     scripts:
61 silly install resolved      { test: 'jshint . && mocha test/**/*.js',
61 silly install resolved        postinstall: 'yodoctor',
61 silly install resolved        postupdate: 'yodoctor',
61 silly install resolved        prepublish: 'nsp audit-package' },
61 silly install resolved     files: [ 'lib' ],
61 silly install resolved     keywords:
61 silly install resolved      [ 'cli-app',
61 silly install resolved        'cli',
61 silly install resolved        'bin',
61 silly install resolved        'front-end',
61 silly install resolved        'development',
61 silly install resolved        'dev',
61 silly install resolved        'build',
61 silly install resolved        'web',
61 silly install resolved        'tool',
61 silly install resolved        'scaffold',
61 silly install resolved        'stack',
61 silly install resolved        'yeoman',
61 silly install resolved        'generator',
61 silly install resolved        'generate',
61 silly install resolved        'app',
61 silly install resolved        'boilerplate' ],
61 silly install resolved     dependencies:
61 silly install resolved      { 'array-uniq': '^1.0.2',
61 silly install resolved        async: '^1.0.0',
61 silly install resolved        chalk: '^1.0.0',
61 silly install resolved        configstore: '^1.0.0',
61 silly install resolved        'cross-spawn': '^0.4.0',
61 silly install resolved        figures: '^1.3.5',
61 silly install resolved        findup: '^0.1.5',
61 silly install resolved        fullname: '^1.0.0',
61 silly install resolved        got: '^3.2.0',
61 silly install resolved        'humanize-string': '^1.0.0',
61 silly install resolved        inquirer: '^0.8.0',
61 silly install resolved        insight: '^0.6.0',
61 silly install resolved        lodash: '^3.2.0',
61 silly install resolved        meow: '^3.0.0',
61 silly install resolved        'npm-keyword': '^1.1.1',
61 silly install resolved        opn: '^1.0.0',
61 silly install resolved        'package-json': '^1.1.0',
61 silly install resolved        repeating: '^1.1.2',
61 silly install resolved        'root-check': '^1.0.0',
61 silly install resolved        'sort-on': '^1.0.0',
61 silly install resolved        'string-length': '^1.0.0',
61 silly install resolved        titleize: '^1.0.0',
61 silly install resolved        'update-notifier': '^0.5.0',
61 silly install resolved        'user-home': '^1.1.0',
61 silly install resolved        'yeoman-character': '^1.0.0',
61 silly install resolved        'yeoman-doctor': '^1.0.0',
61 silly install resolved        'yeoman-environment': '^1.0.1',
61 silly install resolved        yosay: '^1.0.0' },
61 silly install resolved     devDependencies:
61 silly install resolved      { jshint: '^2.5.11',
61 silly install resolved        mocha: '^2.1.0',
61 silly install resolved        mockery: '^1.4.0',
61 silly install resolved        nock: '^2.0.1',
61 silly install resolved        nsp: '*',
61 silly install resolved        proxyquire: '^1.0.1',
61 silly install resolved        'registry-url': '^3.0.0',
61 silly install resolved        sinon: '^1.12.1' },
61 silly install resolved     preferGlobal: true,
61 silly install resolved     gitHead: '675d647162f1ecd7f290995078cf8ab42756bf9d',
61 silly install resolved     bugs: { url: 'https://github.com/yeoman/yo/issues' },
61 silly install resolved     homepage: 'https://github.com/yeoman/yo',
61 silly install resolved     _id: 'yo@1.4.7',
61 silly install resolved     _shasum: '7eecb354f6f4df2dafbc2da53d30f7f7fafcb450',
61 silly install resolved     _from: 'yo@*',
61 silly install resolved     _npmVersion: '2.10.1',
61 silly install resolved     _nodeVersion: '0.12.4',
61 silly install resolved     _npmUser: { name: 'sindresorhus', email: 'sindresorhus@gmail.com' },
61 silly install resolved     dist:
61 silly install resolved      { shasum: '7eecb354f6f4df2dafbc2da53d30f7f7fafcb450',
61 silly install resolved        tarball: 'http://registry.npmjs.org/yo/-/yo-1.4.7.tgz' },
61 silly install resolved     maintainers: [ [Object], [Object], [Object], [Object], [Object], [Object] ],
61 silly install resolved     directories: {},
61 silly install resolved     _resolved: 'https://registry.npmjs.org/yo/-/yo-1.4.7.tgz',
61 silly install resolved     readme: 'ERROR: No README data found!' } ]
62 info install generator-wordpress@2.0.1 into /usr/local/lib
63 info install yo@1.4.7 into /usr/local/lib
64 info installOne generator-wordpress@2.0.1
65 verbose installOne of generator-wordpress to /usr/local/lib not in flight; installing
66 info installOne yo@1.4.7
67 verbose installOne of yo to /usr/local/lib not in flight; installing
68 verbose lock using /Users/surge/.npm/_locks/generator-wordpress-4e614d5662c34e36.lock for /usr/local/lib/node_modules/generator-wordpress
69 verbose lock using /Users/surge/.npm/_locks/yo-c80abb7e04f27e35.lock for /usr/local/lib/node_modules/yo
70 silly install write writing generator-wordpress 2.0.1 to /usr/local/lib/node_modules/generator-wordpress
71 silly install write writing yo 1.4.7 to /usr/local/lib/node_modules/yo
72 verbose unbuild lib/node_modules/generator-wordpress
73 verbose unbuild lib/node_modules/yo
74 info preuninstall generator-wordpress@2.0.1
75 info uninstall generator-wordpress@2.0.1
76 verbose unbuild rmStuff generator-wordpress@2.0.1 from /usr/local/lib/node_modules
77 info postuninstall generator-wordpress@2.0.1
78 silly gentlyRm /usr/local/lib/node_modules/generator-wordpress is being purged from base /usr/local
79 verbose gentlyRm don't care about contents; nuking /usr/local/lib/node_modules/generator-wordpress
80 silly vacuum-fs purging /usr/local/lib/node_modules/generator-wordpress
81 verbose unlock done using /Users/surge/.npm/_locks/generator-wordpress-4e614d5662c34e36.lock for /usr/local/lib/node_modules/generator-wordpress
82 info preuninstall yo@1.4.7
83 info uninstall yo@1.4.7
84 verbose unbuild rmStuff yo@1.4.7 from /usr/local/lib/node_modules
85 silly gentlyRm /usr/local/bin/yo is being gently removed
86 silly gentlyRm verifying /usr/local is an npm working directory
87 silly gentlyRm containing path /usr/local is under npm's control, in /usr/local
88 silly gentlyRm deletion target /usr/local/bin/yo is under /usr/local
89 verbose gentlyRm vacuuming from /usr/local/bin/yo up to /usr/local
90 silly vacuum-fs removing /usr/local/bin/yo
91 silly vacuum-fs quitting because other entries in /usr/local/bin
92 info postuninstall yo@1.4.7
93 silly gentlyRm /usr/local/lib/node_modules/yo is being purged from base /usr/local
94 verbose gentlyRm don't care about contents; nuking /usr/local/lib/node_modules/yo
95 silly vacuum-fs purging /usr/local/lib/node_modules/yo
96 verbose unlock done using /Users/surge/.npm/_locks/yo-c80abb7e04f27e35.lock for /usr/local/lib/node_modules/yo
97 verbose stack Error: EACCES, rmdir '/usr/local/lib/node_modules/generator-wordpress'
97 verbose stack     at Error (native)
98 verbose cwd /Users/surge/Documents/MAMP/qeli
99 error Darwin 14.3.0
100 error argv "node" "/usr/local/bin/npm" "install" "-g" "yo" "generator-wordpress"
101 error node v0.12.3
102 error npm  v2.9.1
103 error path /usr/local/lib/node_modules/generator-wordpress
104 error code EACCES
105 error errno -13
106 error Error: EACCES, rmdir '/usr/local/lib/node_modules/generator-wordpress'
106 error     at Error (native)
106 error  { [Error: EACCES, rmdir '/usr/local/lib/node_modules/generator-wordpress']
106 error   errno: -13,
106 error   code: 'EACCES',
106 error   path: '/usr/local/lib/node_modules/generator-wordpress' }
107 error Please try running this command again as root/Administrator.
108 verbose exit [ -13, true ]
109 verbose unbuild lib/node_modules/generator-wordpress
110 info preuninstall generator-wordpress@2.0.1
111 info uninstall generator-wordpress@2.0.1
112 verbose unbuild rmStuff generator-wordpress@2.0.1 from /usr/local/lib/node_modules
113 info postuninstall generator-wordpress@2.0.1
114 silly gentlyRm /usr/local/lib/node_modules/generator-wordpress is being purged from base /usr/local
115 verbose gentlyRm don't care about contents; nuking /usr/local/lib/node_modules/generator-wordpress
116 silly vacuum-fs purging /usr/local/lib/node_modules/generator-wordpress
117 error error rolling back Error: EACCES, rmdir '/usr/local/lib/node_modules/generator-wordpress'
117 error error rolling back     at Error (native)
117 error error rolling back  { [Error: EACCES, rmdir '/usr/local/lib/node_modules/generator-wordpress']
117 error error rolling back   errno: -13,
117 error error rolling back   code: 'EACCES',
117 error error rolling back   path: '/usr/local/lib/node_modules/generator-wordpress' }
